<?xml version="1.0" encoding="UTF-8"?>
<testsuite name="PlaylistEditorIntegrationTest" tests="28" skipped="0" failures="0" errors="0" timestamp="2026-03-05T04:57:10.457Z" hostname="mba.local" time="0.766">
  <properties/>
  <testcase name="testFileFormat_validPlaylistStructure" classname="PlaylistEditorIntegrationTest" time="0.043"/>
  <testcase name="testWorkflow_complexSequence" classname="PlaylistEditorIntegrationTest" time="0.026"/>
  <testcase name="testEdgeCase_singleRowPlaylist" classname="PlaylistEditorIntegrationTest" time="0.004"/>
  <testcase name="testAudioFileDetection_multipleSupportedFormats" classname="PlaylistEditorIntegrationTest" time="0.031"/>
  <testcase name="testWorkflow_swapNonAdjacentRows" classname="PlaylistEditorIntegrationTest" time="0.003"/>
  <testcase name="testEdgeCase_emptyPlaylist" classname="PlaylistEditorIntegrationTest" time="0.003"/>
  <testcase name="testFileFormat_afterModification" classname="PlaylistEditorIntegrationTest" time="0.003"/>
  <testcase name="testEdgeCase_largePlaylist" classname="PlaylistEditorIntegrationTest" time="0.006"/>
  <testcase name="testWorkflow_swapAdjacentRows" classname="PlaylistEditorIntegrationTest" time="0.003"/>
  <testcase name="testEdgeCase_specialCharactersInFilename" classname="PlaylistEditorIntegrationTest" time="0.002"/>
  <testcase name="testAudioFileDetection_sorting" classname="PlaylistEditorIntegrationTest" time="0.004"/>
  <testcase name="testRoundTrip_readModifyRead" classname="PlaylistEditorIntegrationTest" time="0.003"/>
  <testcase name="testWorkflow_insertRowInMiddle" classname="PlaylistEditorIntegrationTest" time="0.01"/>
  <testcase name="testWorkflow_addSingleRow" classname="PlaylistEditorIntegrationTest" time="0.003"/>
  <testcase name="testFileFormat_validPlaylistStructure" classname="PlaylistEditorIntegrationTest" time="0.002"/>
  <testcase name="testWorkflow_complexSequence" classname="PlaylistEditorIntegrationTest" time="0.002"/>
  <testcase name="testEdgeCase_singleRowPlaylist" classname="PlaylistEditorIntegrationTest" time="0.004"/>
  <testcase name="testAudioFileDetection_multipleSupportedFormats" classname="PlaylistEditorIntegrationTest" time="0.015"/>
  <testcase name="testWorkflow_swapNonAdjacentRows" classname="PlaylistEditorIntegrationTest" time="0.002"/>
  <testcase name="testEdgeCase_emptyPlaylist" classname="PlaylistEditorIntegrationTest" time="0.001"/>
  <testcase name="testFileFormat_afterModification" classname="PlaylistEditorIntegrationTest" time="0.003"/>
  <testcase name="testEdgeCase_largePlaylist" classname="PlaylistEditorIntegrationTest" time="0.004"/>
  <testcase name="testWorkflow_swapAdjacentRows" classname="PlaylistEditorIntegrationTest" time="0.002"/>
  <testcase name="testEdgeCase_specialCharactersInFilename" classname="PlaylistEditorIntegrationTest" time="0.001"/>
  <testcase name="testAudioFileDetection_sorting" classname="PlaylistEditorIntegrationTest" time="0.003"/>
  <testcase name="testRoundTrip_readModifyRead" classname="PlaylistEditorIntegrationTest" time="0.002"/>
  <testcase name="testWorkflow_insertRowInMiddle" classname="PlaylistEditorIntegrationTest" time="0.003"/>
  <testcase name="testWorkflow_addSingleRow" classname="PlaylistEditorIntegrationTest" time="0.002"/>
  <system-out><![CDATA[]]></system-out>
  <system-err><![CDATA[]]></system-err>
</testsuite>
