<?xml version="1.0" encoding="UTF-8"?>
<testsuite name="PlaylistUtilityTest" tests="64" skipped="0" failures="0" errors="0" timestamp="2026-03-05T05:03:49.344Z" hostname="mba.local" time="22.1">
  <properties/>
  <testcase name="testIsSupportedAudioFile_caseInsensitive" classname="PlaylistUtilityTest" time="0.904"/>
  <testcase name="testAddRow_atEnd" classname="PlaylistUtilityTest" time="0.005"/>
  <testcase name="testReadPlaylistFile" classname="PlaylistUtilityTest" time="0.005"/>
  <testcase name="testAddRow_invalidRowNumberNegative" classname="PlaylistUtilityTest" time="0.004"/>
  <testcase name="testGetAudioFilesInDirectory" classname="PlaylistUtilityTest" time="0.018"/>
  <testcase name="testPrepareAudioFileContent" classname="PlaylistUtilityTest" time="3.201"/>
  <testcase name="testPrepareAudioFileContent_nonexistentFile" classname="PlaylistUtilityTest" time="0.026"/>
  <testcase name="testReadPlaylistFile_nonexistent" classname="PlaylistUtilityTest" time="0.004"/>
  <testcase name="testFormatForDisplay_empty" classname="PlaylistUtilityTest" time="0.12"/>
  <testcase name="testAddRow_inMiddle" classname="PlaylistUtilityTest" time="0.087"/>
  <testcase name="testSwapRows_adjacentRows" classname="PlaylistUtilityTest" time="0.043"/>
  <testcase name="testGetAudioFilesInDirectory_sorted" classname="PlaylistUtilityTest" time="0.032"/>
  <testcase name="testReadPlaylistFile_removesRowNumbers" classname="PlaylistUtilityTest" time="0.016"/>
  <testcase name="testIsSupportedAudioFile_m4a" classname="PlaylistUtilityTest" time="0.012"/>
  <testcase name="testIsSupportedAudioFile_mp3" classname="PlaylistUtilityTest" time="0.115"/>
  <testcase name="testIsSupportedAudioFile_wav" classname="PlaylistUtilityTest" time="0.014"/>
  <testcase name="testIsSupportedAudioFile_unsupported" classname="PlaylistUtilityTest" time="0.008"/>
  <testcase name="testSwapRowsByContent" classname="PlaylistUtilityTest" time="0.007"/>
  <testcase name="testSwapRows_invalidRow1" classname="PlaylistUtilityTest" time="0.046"/>
  <testcase name="testSwapRows_invalidRow2" classname="PlaylistUtilityTest" time="0.048"/>
  <testcase name="testSwapRows" classname="PlaylistUtilityTest" time="0.027"/>
  <testcase name="testAddRow_invalidRowNumberTooLarge" classname="PlaylistUtilityTest" time="0.025"/>
  <testcase name="testFormatForDisplay" classname="PlaylistUtilityTest" time="0.004"/>
  <testcase name="testGetAudioFilesInDirectory_notDirectory" classname="PlaylistUtilityTest" time="0.003"/>
  <testcase name="testAddRow_renumberingCorrect" classname="PlaylistUtilityTest" time="0.003"/>
  <testcase name="testPrepareAudioFileContent_format" classname="PlaylistUtilityTest" time="1.564"/>
  <testcase name="testSwapRowsByContent_notFound" classname="PlaylistUtilityTest" time="0.003"/>
  <testcase name="testIsSupportedAudioFile_aiff" classname="PlaylistUtilityTest" time="0.007"/>
  <testcase name="testIsSupportedAudioFile_flac" classname="PlaylistUtilityTest" time="0.018"/>
  <testcase name="testAddRow_atBeginning" classname="PlaylistUtilityTest" time="0.009"/>
  <testcase name="testIntegration_addAndSwapRows" classname="PlaylistUtilityTest" time="0.01"/>
  <testcase name="testIntegration_multipleAdditions" classname="PlaylistUtilityTest" time="0.019"/>
  <testcase name="testIsSupportedAudioFile_caseInsensitive" classname="PlaylistUtilityTest" time="0.55"/>
  <testcase name="testAddRow_atEnd" classname="PlaylistUtilityTest" time="0.354"/>
  <testcase name="testReadPlaylistFile" classname="PlaylistUtilityTest" time="0.149"/>
  <testcase name="testAddRow_invalidRowNumberNegative" classname="PlaylistUtilityTest" time="0.363"/>
  <testcase name="testGetAudioFilesInDirectory" classname="PlaylistUtilityTest" time="0.033"/>
  <testcase name="testPrepareAudioFileContent" classname="PlaylistUtilityTest" time="0.418"/>
  <testcase name="testPrepareAudioFileContent_nonexistentFile" classname="PlaylistUtilityTest" time="0.002"/>
  <testcase name="testReadPlaylistFile_nonexistent" classname="PlaylistUtilityTest" time="0.006"/>
  <testcase name="testFormatForDisplay_empty" classname="PlaylistUtilityTest" time="0.004"/>
  <testcase name="testAddRow_inMiddle" classname="PlaylistUtilityTest" time="0.013"/>
  <testcase name="testSwapRows_adjacentRows" classname="PlaylistUtilityTest" time="0.004"/>
  <testcase name="testGetAudioFilesInDirectory_sorted" classname="PlaylistUtilityTest" time="0.147"/>
  <testcase name="testReadPlaylistFile_removesRowNumbers" classname="PlaylistUtilityTest" time="0.004"/>
  <testcase name="testIsSupportedAudioFile_m4a" classname="PlaylistUtilityTest" time="0.044"/>
  <testcase name="testIsSupportedAudioFile_mp3" classname="PlaylistUtilityTest" time="0.017"/>
  <testcase name="testIsSupportedAudioFile_wav" classname="PlaylistUtilityTest" time="0.036"/>
  <testcase name="testIsSupportedAudioFile_unsupported" classname="PlaylistUtilityTest" time="7.166"/>
  <testcase name="testSwapRowsByContent" classname="PlaylistUtilityTest" time="0.579"/>
  <testcase name="testSwapRows_invalidRow1" classname="PlaylistUtilityTest" time="0.114"/>
  <testcase name="testSwapRows_invalidRow2" classname="PlaylistUtilityTest" time="0.039"/>
  <testcase name="testSwapRows" classname="PlaylistUtilityTest" time="0.025"/>
  <testcase name="testAddRow_invalidRowNumberTooLarge" classname="PlaylistUtilityTest" time="0.042"/>
  <testcase name="testFormatForDisplay" classname="PlaylistUtilityTest" time="0.005"/>
  <testcase name="testGetAudioFilesInDirectory_notDirectory" classname="PlaylistUtilityTest" time="0.05"/>
  <testcase name="testAddRow_renumberingCorrect" classname="PlaylistUtilityTest" time="0.06"/>
  <testcase name="testPrepareAudioFileContent_format" classname="PlaylistUtilityTest" time="2.054"/>
  <testcase name="testSwapRowsByContent_notFound" classname="PlaylistUtilityTest" time="0.025"/>
  <testcase name="testIsSupportedAudioFile_aiff" classname="PlaylistUtilityTest" time="0.059"/>
  <testcase name="testIsSupportedAudioFile_flac" classname="PlaylistUtilityTest" time="0.119"/>
  <testcase name="testAddRow_atBeginning" classname="PlaylistUtilityTest" time="0.083"/>
  <testcase name="testIntegration_addAndSwapRows" classname="PlaylistUtilityTest" time="0.068"/>
  <testcase name="testIntegration_multipleAdditions" classname="PlaylistUtilityTest" time="0.076"/>
  <system-out><![CDATA[]]></system-out>
  <system-err><![CDATA[]]></system-err>
</testsuite>
